<?xml version="1.0" encoding="UTF-8"?>
<!-- Generated by org.testng.reporters.JUnitReportReporter -->
<testsuite skipped="0" hostname="DESKTOP-NIRUMNA" name="listeners.TestListeners" tests="3" failures="0" timestamp="2022-05-05T15:45:48 MST" time="39.225" errors="0">
  <testcase name="test1" time="16.015" classname="listeners.TestListeners"/>
  <system-out>
    <![CDATA[ started
TestListeners passed]]>
  </system-out>
  <testcase name="test1" time="19.029" classname="listeners.TestListeners"/>
  <system-out>
    <![CDATA[ started
TestListeners passed]]>
  </system-out>
  <testcase name="test2" time="4.181" classname="listeners.TestListeners"/>
  <system-out>
    <![CDATA[ started
TestListeners passed]]>
  </system-out>
</testsuite> <!-- listeners.TestListeners -->
