<?xml version="1.0" encoding="UTF-8"?>
<!-- Generated by org.testng.reporters.JUnitReportReporter -->
<testsuite skipped="0" hostname="DESKTOP-NIRUMNA" name="listeners.TestListeners" tests="3" failures="0" timestamp="2022-05-05T16:46:41 MST" time="34.691" errors="0">
  <testcase name="test1" time="15.231" classname="listeners.TestListeners"/>
  <system-out>
    <![CDATA[ started
TestListeners passed]]>
  </system-out>
  <testcase name="test1" time="16.236" classname="listeners.TestListeners"/>
  <system-out>
    <![CDATA[ started
TestListeners passed]]>
  </system-out>
  <testcase name="test2" time="3.224" classname="listeners.TestListeners"/>
  <system-out>
    <![CDATA[ started
TestListeners passed]]>
  </system-out>
</testsuite> <!-- listeners.TestListeners -->
